<?xml version="1.0" encoding="UTF-8"?>
<!-- Generated by org.testng.reporters.JUnitReportReporter -->
<testsuite skipped="0" hostname="DESKTOP-JDFK74N" name="loginTests.AppTest" tests="2" failures="0" timestamp="13 Oct 2021 08:01:33 GMT" time="0.068" errors="0">
  <testcase name="validLoginTest" time="0.009" classname="loginTests.AppTest"/>
  <testcase name="invalidLoginTest" time="0.059" classname="loginTests.AppTest"/>
</testsuite> <!-- loginTests.AppTest -->
