<?xml version="1.0" encoding="UTF-8"?>
<!-- Generated by org.testng.reporters.JUnitReportReporter -->
<testsuite skipped="0" hostname="DESKTOP-JDFK74N" name="loginTests.NumberComparison" tests="1" failures="0" timestamp="13 Oct 2021 08:01:33 GMT" time="0.002" errors="0">
  <testcase name="intComparison" time="0.002" classname="loginTests.NumberComparison"/>
</testsuite> <!-- loginTests.NumberComparison -->
