<?xml version="1.0" encoding="UTF-8"?>
<!-- Generated by org.testng.reporters.JUnitReportReporter -->
<testsuite hostname="DESKTOP-JDFK74N" failures="0" tests="1" name="loginTests.SeleniumDev" time="2.821" errors="0" timestamp="13 Oct 2021 09:52:55 GMT" skipped="0">
  <testcase classname="loginTests.SeleniumDev" name="titleTest" time="2.821"/>
</testsuite> <!-- loginTests.SeleniumDev -->
