<?xml version="1.0" encoding="UTF-8"?>
<!-- Generated by org.testng.reporters.JUnitReportReporter -->
<testsuite hostname="DESKTOP-JDFK74N" failures="0" tests="2" name="loginTests.AppTest" time="0.039" errors="0" timestamp="13 Oct 2021 09:52:56 GMT" skipped="0">
  <testcase classname="loginTests.AppTest" name="validLoginTest" time="0.001"/>
  <testcase classname="loginTests.AppTest" name="invalidLoginTest" time="0.038"/>
</testsuite> <!-- loginTests.AppTest -->
